Arguments: 
  /Users/fosafer/.nvm/versions/node/v15.5.0/bin/node /Users/fosafer/.nvm/versions/node/v15.5.0/bin/yarn install

PATH: 
  /bin:/usr/local/opt/qt/bin:/bin:/Volumes/USBDATA/Android/sdk/platform-tools:/Volumes/USBDATA/Android/sdk/emulator:/usr/local/opt/qt/bin:/Users/fosafer/opt/anaconda3/bin:/bin:/Volumes/USBDATA/Android/sdk/platform-tools:/Volumes/USBDATA/Android/sdk/emulator:/usr/local/opt/qt/bin:/Users/fosafer/.nvm/versions/node/v15.5.0/bin:/Volumes/USBDATA/Android/sdk/platform-tools:/Volumes/USBDATA/Android/sdk/emulator:/usr/local/bin:/usr/bin:/bin:/usr/sbin:/sbin:/opt/X11/bin:/Library/Apple/usr/bin:/Library/Frameworks/Mono.framework/Versions/Current/Commands:/usr/local/opt/qt/bin:/Volumes/USBDATA/Android/sdk/platform-tools:/Volumes/USBDATA/Android/sdk/emulator:/Users/fosafer/opt/anaconda3/bin:/Users/fosafer/.nvm/versions/node/v15.5.0/bin:/Users/fosafer/opt/anaconda3/condabin

Yarn version: 
  1.22.10

Node version: 
  15.5.0

Platform: 
  darwin x64

Trace: 
  SyntaxError: /Users/fosafer/workspace/carpooling/react-native-wheel-picker/package.json: Unexpected string in JSON at position 750
      at JSON.parse (<anonymous>)
      at /Users/fosafer/.nvm/versions/node/v15.5.0/lib/node_modules/yarn/lib/cli.js:1625:59
      at Generator.next (<anonymous>)
      at step (/Users/fosafer/.nvm/versions/node/v15.5.0/lib/node_modules/yarn/lib/cli.js:310:30)
      at /Users/fosafer/.nvm/versions/node/v15.5.0/lib/node_modules/yarn/lib/cli.js:321:13

npm manifest: 
  {
    "name": "@whiskerman/react-native-wheel-picker",
    "version": "0.2.5",
    "description": "React native cross platform picker.",
    "main": "index.js",
    "scripts": {
      "test": "echo \"Error: no test specified\" && exit 1"
    },
    "repository": {
      "type": "git",
      "url": "git+https://github.com/whiskerman/react-native-wheel-picker.git"
    },
    "publishConfig": {
      "access": "public"
    },
    "keywords": [
      "react-native",
      "picker",
  	  "wheel"
    ],
    "author": "Zhao Hai",
    "license": "ISC",
    "bugs": {
      "url": "https://github.com/whiskerman/react-native-wheel-picker/issues"
    },
    "homepage": "https://github.com/whiskerman/react-native-wheel-picker#readme",
    "dependencies": {
      "@react-native-picker/picker": "^1.9.7"
      "prop-types": "^15.5.10"
    },
    "devDependencies": {  
      "typescript": "^3.5.2"
    },
    "peerDependencies": {
      "react-native": "^0.51.2",
      "moment": "*"
    }
  }

yarn manifest: 
  No manifest

Lockfile: 
  # THIS IS AN AUTOGENERATED FILE. DO NOT EDIT THIS FILE DIRECTLY.
  # yarn lockfile v1
  
  
  "js-tokens@^3.0.0 || ^4.0.0":
    version "4.0.0"
    resolved "https://registry.npmjs.org/js-tokens/-/js-tokens-4.0.0.tgz#19203fb59991df98e3a287050d4647cdeaf32499"
    integrity sha512-RdJUflcE3cUzKiMqQgsCu06FPu9UdIJO0beYbPhHN4k6apgJtifcoCtT9bcxOpYBtpD2kCM6Sbzg4CausW/PKQ==
  
  loose-envify@^1.4.0:
    version "1.4.0"
    resolved "https://registry.npmjs.org/loose-envify/-/loose-envify-1.4.0.tgz#71ee51fa7be4caec1a63839f7e682d8132d30caf"
    integrity sha512-lyuxPGr/Wfhrlem2CL/UcnUc1zcqKAImBDzukY7Y5F/yQiNdko6+fRLevlw1HgMySw7f611UIY408EtxRSoK3Q==
    dependencies:
      js-tokens "^3.0.0 || ^4.0.0"
  
  object-assign@^4.1.1:
    version "4.1.1"
    resolved "https://registry.npmjs.org/object-assign/-/object-assign-4.1.1.tgz#2109adc7965887cfc05cbbd442cac8bfbb360863"
    integrity sha1-IQmtx5ZYh8/AXLvUQsrIv7s2CGM=
  
  prop-types@^15.5.10:
    version "15.7.2"
    resolved "https://registry.npmjs.org/prop-types/-/prop-types-15.7.2.tgz#52c41e75b8c87e72b9d9360e0206b99dcbffa6c5"
    integrity sha512-8QQikdH7//R2vurIJSutZ1smHYTcLpRWEOlHnzcWHmBYrOGUysKwSsrC89BCiFj3CbrfJ/nXFdJepOVrY1GCHQ==
    dependencies:
      loose-envify "^1.4.0"
      object-assign "^4.1.1"
      react-is "^16.8.1"
  
  react-is@^16.8.1:
    version "16.12.0"
    resolved "https://registry.npmjs.org/react-is/-/react-is-16.12.0.tgz#2cc0fe0fba742d97fd527c42a13bec4eeb06241c"
    integrity sha512-rPCkf/mWBtKc97aLL9/txD8DZdemK0vkA3JMLShjlJB3Pj3s+lpf1KaBzMfQrAmhMQB0n1cU/SUGgKKBCe837Q==
  
  typescript@^3.5.2:
    version "3.7.3"
    resolved "https://registry.npmjs.org/typescript/-/typescript-3.7.3.tgz#b36840668a16458a7025b9eabfad11b66ab85c69"
    integrity sha512-Mcr/Qk7hXqFBXMN7p7Lusj1ktCBydylfQM/FZCk5glCNQJrCUKPkMHdo9R0MTFWsC/4kPFvDS0fDPvukfCkFsw==
